This file contains any messages produced by compilers while
running configure, to aid debugging if configure makes a mistake.

It was created by gdal_rename configure 0.0.8, which was
generated by GNU Autoconf 2.69.  Invocation command line was

  $ ./configure --prefix=/home/mlattes/local --with-gdal=/home/mlattes/local/bin/gdal-config

## --------- ##
## Platform. ##
## --------- ##

hostname = sodl06191
uname -m = x86_64
uname -r = 3.10.0-514.26.2.el7.x86_64
uname -s = Linux
uname -v = #1 SMP Tue Jul 4 15:04:05 UTC 2017

/usr/bin/uname -p = x86_64
/bin/uname -X     = unknown

/bin/arch              = x86_64
/usr/bin/arch -k       = unknown
/usr/convex/getsysinfo = unknown
/usr/bin/hostinfo      = unknown
/bin/machine           = unknown
/usr/bin/oslevel       = unknown
/bin/universe          = unknown

PATH: /home/mlattes/local/bin
PATH: /home/devdata/PFTools/DEV/bin
PATH: /0/TOOLS/MicrosoftVisualStudioCode
PATH: /opt/ISTAR/TPL/services/go/bin
PATH: /opt/ISTAR/TPL/services/bin
PATH: /home/mlattes/bin/
PATH: /opt/CollabNet_Subversion/bin/
PATH: /home/mlattes/local/bin
PATH: /home/devdata/PFTools/DEV/bin
PATH: /0/TOOLS/MicrosoftVisualStudioCode
PATH: /opt/ISTAR/TPL/services/go/bin
PATH: /opt/ISTAR/TPL/services/bin
PATH: /home/mlattes/bin/
PATH: /opt/CollabNet_Subversion/bin/
PATH: /home/mlattes/local/bin
PATH: /home/devdata/PFTools/DEV/bin
PATH: /0/TOOLS/MicrosoftVisualStudioCode
PATH: /opt/ISTAR/TPL/services/go/bin
PATH: /opt/ISTAR/TPL/services/bin
PATH: /home/mlattes/bin/
PATH: /opt/CollabNet_Subversion/bin/
PATH: /home/mlattes/local/bin
PATH: /home/devdata/PFTools/DEV/bin
PATH: /0/TOOLS/MicrosoftVisualStudioCode
PATH: /opt/ISTAR/TPL/services/go/bin
PATH: /opt/ISTAR/TPL/services/bin
PATH: /home/mlattes/bin/
PATH: /opt/CollabNet_Subversion/bin/
PATH: /home/mlattes/local/bin
PATH: /home/devdata/PFTools/DEV/bin
PATH: /0/TOOLS/MicrosoftVisualStudioCode
PATH: /opt/ISTAR/TPL/services/go/bin
PATH: /opt/ISTAR/TPL/services/bin
PATH: /home/mlattes/bin/
PATH: /opt/CollabNet_Subversion/bin/
PATH: /opt/pgsql/9.3.5/bin
PATH: /home/devdata/PFTools/DEV/bin
PATH: /0/TOOLS/MicrosoftVisualStudioCode
PATH: /opt/ISTAR/TPL/services/go/bin
PATH: /opt/ISTAR/TPL/services/bin
PATH: /home/mlattes/bin/
PATH: /opt/CollabNet_Subversion/bin/
PATH: /opt/CollabNet_Subversion/bin
PATH: /home/devdata/COMMON/bin
PATH: /u/sodl06045/0/mlattes/ISTAR/PFS_7.2-volatile-0.0_Debug_v01-GDLIB/SYS/PHP/PHP-linux/php/bin
PATH: /u/sodl06045/0/mlattes/ISTAR/PFS_7.2-volatile-0.0_Debug_v01-GDLIB/PF_CORE_ALGOS-GDLIB/BIN/SCRIPTS
PATH: /u/sodl06045/0/mlattes/ISTAR/PFS_7.2-volatile-0.0_Debug_v01-GDLIB/PF_CORE_ALGOS-GDLIB/BIN/PERL
PATH: /opt/ISTAR/BIN/ANT/apache-ant-1.7.1b/bin
PATH: /u/sodl06045/0/mlattes/ISTAR/PFS_7.2-volatile-0.0_Debug_v01-GDLIB/BETA/bin
PATH: /u/sodl06045/0/mlattes/ISTAR/PFS_7.2-volatile-0.0_Debug_v01-GDLIB/SYS/ADM/admin
PATH: /u/sodl06045/0/mlattes/ISTAR/PFS_7.2-volatile-0.0_Debug_v01-GDLIB/SYS/ADM/client
PATH: /u/sodl06045/0/mlattes/ISTAR/PFS_7.2-volatile-0.0_Debug_v01-GDLIB/PF_PROFILES-GDLIB/SUPPORT
PATH: /u/sodl06045/0/mlattes/ISTAR/PFS_7.2-volatile-0.0_Debug_v01-GDLIB/ACTIVITIES/bin
PATH: /u/sodl06045/0/mlattes/ISTAR/PFS_7.2-volatile-0.0_Debug_v01-GDLIB/SYS/PHP/PHP-linux/php/bin
PATH: /u/sodl06045/0/mlattes/ISTAR/PFS_7.2-volatile-0.0_Debug_v01-GDLIB/SYS/JDK/JDK-linux/sdk/bin
PATH: /home/mlattes/bin
PATH: /u/sodl06045/0/mlattes/ISTAR/PFS_7.2-volatile-0.0_Debug_v01-GDLIB/SYS/ADM/common
PATH: /usr/bin/X
PATH: /usr/sbin
PATH: /sbin
PATH: /usr/local/bin
PATH: /usr/bin
PATH: /bin
PATH: /home/devdata/SOFTS/distcc-3.1/bin


## ----------- ##
## Core tests. ##
## ----------- ##

configure:2015: checking for gcc
configure:2031: found /usr/bin/gcc
configure:2042: result: gcc
configure:2271: checking for C compiler version
configure:2280: gcc --version >&5
gcc (GCC) 4.8.5 20150623 (Red Hat 4.8.5-11)
Copyright (C) 2015 Free Software Foundation, Inc.
This is free software; see the source for copying conditions.  There is NO
warranty; not even for MERCHANTABILITY or FITNESS FOR A PARTICULAR PURPOSE.

configure:2291: $? = 0
configure:2280: gcc -v >&5
Using built-in specs.
COLLECT_GCC=gcc
COLLECT_LTO_WRAPPER=/usr/libexec/gcc/x86_64-redhat-linux/4.8.5/lto-wrapper
Target: x86_64-redhat-linux
Configured with: ../configure --prefix=/usr --mandir=/usr/share/man --infodir=/usr/share/info --with-bugurl=http://bugzilla.redhat.com/bugzilla --enable-bootstrap --enable-shared --enable-threads=posix --enable-checking=release --with-system-zlib --enable-__cxa_atexit --disable-libunwind-exceptions --enable-gnu-unique-object --enable-linker-build-id --with-linker-hash-style=gnu --enable-languages=c,c++,objc,obj-c++,java,fortran,ada,go,lto --enable-plugin --enable-initfini-array --disable-libgcj --with-isl=/builddir/build/BUILD/gcc-4.8.5-20150702/obj-x86_64-redhat-linux/isl-install --with-cloog=/builddir/build/BUILD/gcc-4.8.5-20150702/obj-x86_64-redhat-linux/cloog-install --enable-gnu-indirect-function --with-tune=generic --with-arch_32=x86-64 --build=x86_64-redhat-linux
Thread model: posix
gcc version 4.8.5 20150623 (Red Hat 4.8.5-11) (GCC) 
configure:2291: $? = 0
configure:2280: gcc -V >&5
gcc: error: unrecognized command line option '-V'
gcc: fatal error: no input files
compilation terminated.
configure:2291: $? = 4
configure:2280: gcc -qversion >&5
gcc: error: unrecognized command line option '-qversion'
gcc: fatal error: no input files
compilation terminated.
configure:2291: $? = 4
configure:2311: checking whether the C compiler works
configure:2333: gcc    conftest.c  >&5
configure:2337: $? = 0
configure:2385: result: yes
configure:2388: checking for C compiler default output file name
configure:2390: result: a.out
configure:2396: checking for suffix of executables
configure:2403: gcc -o conftest    conftest.c  >&5
configure:2407: $? = 0
configure:2429: result: 
configure:2451: checking whether we are cross compiling
configure:2459: gcc -o conftest    conftest.c  >&5
configure:2463: $? = 0
configure:2470: ./conftest
configure:2474: $? = 0
configure:2489: result: no
configure:2494: checking for suffix of object files
configure:2516: gcc -c   conftest.c >&5
configure:2520: $? = 0
configure:2541: result: o
configure:2545: checking whether we are using the GNU C compiler
configure:2564: gcc -c   conftest.c >&5
configure:2564: $? = 0
configure:2573: result: yes
configure:2582: checking whether gcc accepts -g
configure:2602: gcc -c -g  conftest.c >&5
configure:2602: $? = 0
configure:2643: result: yes
configure:2660: checking for gcc option to accept ISO C89
configure:2723: gcc  -c -g -O2  conftest.c >&5
configure:2723: $? = 0
configure:2736: result: none needed
configure:2762: checking how to run the C preprocessor
configure:2793: gcc -E  conftest.c
configure:2793: $? = 0
configure:2807: gcc -E  conftest.c
conftest.c:9:28: fatal error: ac_nonexistent.h: No such file or directory
 #include <ac_nonexistent.h>
                            ^
compilation terminated.
configure:2807: $? = 1
configure: failed program was:
| /* confdefs.h */
| #define PACKAGE_NAME "gdal_rename"
| #define PACKAGE_TARNAME "gdal_rename"
| #define PACKAGE_VERSION "0.0.8"
| #define PACKAGE_STRING "gdal_rename 0.0.8"
| #define PACKAGE_BUGREPORT "mathieu.lattes@yahoo.fr"
| #define PACKAGE_URL ""
| /* end confdefs.h.  */
| #include <ac_nonexistent.h>
configure:2832: result: gcc -E
configure:2852: gcc -E  conftest.c
configure:2852: $? = 0
configure:2866: gcc -E  conftest.c
conftest.c:9:28: fatal error: ac_nonexistent.h: No such file or directory
 #include <ac_nonexistent.h>
                            ^
compilation terminated.
configure:2866: $? = 1
configure: failed program was:
| /* confdefs.h */
| #define PACKAGE_NAME "gdal_rename"
| #define PACKAGE_TARNAME "gdal_rename"
| #define PACKAGE_VERSION "0.0.8"
| #define PACKAGE_STRING "gdal_rename 0.0.8"
| #define PACKAGE_BUGREPORT "mathieu.lattes@yahoo.fr"
| #define PACKAGE_URL ""
| /* end confdefs.h.  */
| #include <ac_nonexistent.h>
configure:2895: checking for grep that handles long lines and -e
configure:2953: result: /usr/bin/grep
configure:2958: checking for egrep
configure:3020: result: /usr/bin/grep -E
configure:3025: checking for ANSI C header files
configure:3045: gcc -c -g -O2  conftest.c >&5
configure:3045: $? = 0
configure:3118: gcc -o conftest -g -O2   conftest.c  >&5
configure:3118: $? = 0
configure:3118: ./conftest
configure:3118: $? = 0
configure:3129: result: yes
configure:3197: checking for g++
configure:3213: found /usr/bin/g++
configure:3224: result: g++
configure:3251: checking for C++ compiler version
configure:3260: g++ --version >&5
g++ (GCC) 4.8.5 20150623 (Red Hat 4.8.5-11)
Copyright (C) 2015 Free Software Foundation, Inc.
This is free software; see the source for copying conditions.  There is NO
warranty; not even for MERCHANTABILITY or FITNESS FOR A PARTICULAR PURPOSE.

configure:3271: $? = 0
configure:3260: g++ -v >&5
Using built-in specs.
COLLECT_GCC=g++
COLLECT_LTO_WRAPPER=/usr/libexec/gcc/x86_64-redhat-linux/4.8.5/lto-wrapper
Target: x86_64-redhat-linux
Configured with: ../configure --prefix=/usr --mandir=/usr/share/man --infodir=/usr/share/info --with-bugurl=http://bugzilla.redhat.com/bugzilla --enable-bootstrap --enable-shared --enable-threads=posix --enable-checking=release --with-system-zlib --enable-__cxa_atexit --disable-libunwind-exceptions --enable-gnu-unique-object --enable-linker-build-id --with-linker-hash-style=gnu --enable-languages=c,c++,objc,obj-c++,java,fortran,ada,go,lto --enable-plugin --enable-initfini-array --disable-libgcj --with-isl=/builddir/build/BUILD/gcc-4.8.5-20150702/obj-x86_64-redhat-linux/isl-install --with-cloog=/builddir/build/BUILD/gcc-4.8.5-20150702/obj-x86_64-redhat-linux/cloog-install --enable-gnu-indirect-function --with-tune=generic --with-arch_32=x86-64 --build=x86_64-redhat-linux
Thread model: posix
gcc version 4.8.5 20150623 (Red Hat 4.8.5-11) (GCC) 
configure:3271: $? = 0
configure:3260: g++ -V >&5
g++: error: unrecognized command line option '-V'
g++: fatal error: no input files
compilation terminated.
configure:3271: $? = 4
configure:3260: g++ -qversion >&5
g++: error: unrecognized command line option '-qversion'
g++: fatal error: no input files
compilation terminated.
configure:3271: $? = 4
configure:3275: checking whether we are using the GNU C++ compiler
configure:3294: g++ -c   conftest.cpp >&5
configure:3294: $? = 0
configure:3303: result: yes
configure:3312: checking whether g++ accepts -g
configure:3332: g++ -c -g  conftest.cpp >&5
configure:3332: $? = 0
configure:3373: result: yes
configure:3411: checking whether g++ supports C++11 features with -std=c++11
configure:3707: g++ -std=c++11 -c -g -O2  conftest.cpp >&5
configure:3707: $? = 0
configure:3716: result: yes
configure:3811: checking for gdal-config
configure:3829: found /home/mlattes/local/bin/gdal-config
configure:3842: result: /home/mlattes/local/bin/gdal-config
configure:3872: checking for GDAL library
configure:3889: result: yes
configure:3893: checking for OGR support in GDAL library
configure:3901: result: yes
configure:3909: checking if GDAL version is >= 2.0.0
configure:3936: result: yes
configure:3976: checking for a BSD-compatible install
configure:4044: result: /usr/bin/install -c
configure:4055: checking whether build environment is sane
configure:4110: result: yes
configure:4261: checking for a thread-safe mkdir -p
configure:4300: result: /usr/bin/mkdir -p
configure:4307: checking for gawk
configure:4323: found /usr/bin/gawk
configure:4334: result: gawk
configure:4345: checking whether make sets $(MAKE)
configure:4367: result: yes
configure:4397: checking for style of include used by make
configure:4425: result: GNU
configure:4459: checking whether make supports nested variables
configure:4476: result: yes
configure:4561: checking dependency style of gcc
configure:4672: result: gcc3
configure:4689: checking dependency style of g++ -std=c++11
configure:4800: result: gcc3
configure:4967: checking that generated files are newer than configure
configure:4973: result: done
configure:5000: creating ./config.status

## ---------------------- ##
## Running config.status. ##
## ---------------------- ##

This file was extended by gdal_rename config.status 0.0.8, which was
generated by GNU Autoconf 2.69.  Invocation command line was

  CONFIG_FILES    = 
  CONFIG_HEADERS  = 
  CONFIG_LINKS    = 
  CONFIG_COMMANDS = 
  $ ./config.status 

on sodl06191

config.status:792: creating Makefile
config.status:792: creating src/Makefile
config.status:964: executing depfiles commands

## ---------------- ##
## Cache variables. ##
## ---------------- ##

ac_cv_c_compiler_gnu=yes
ac_cv_cxx_compiler_gnu=yes
ac_cv_env_CCC_set=
ac_cv_env_CCC_value=
ac_cv_env_CC_set=
ac_cv_env_CC_value=
ac_cv_env_CFLAGS_set=
ac_cv_env_CFLAGS_value=
ac_cv_env_CPPFLAGS_set=
ac_cv_env_CPPFLAGS_value=
ac_cv_env_CPP_set=
ac_cv_env_CPP_value=
ac_cv_env_CXXFLAGS_set=
ac_cv_env_CXXFLAGS_value=
ac_cv_env_CXX_set=
ac_cv_env_CXX_value=
ac_cv_env_LDFLAGS_set=
ac_cv_env_LDFLAGS_value=
ac_cv_env_LIBS_set=
ac_cv_env_LIBS_value=
ac_cv_env_build_alias_set=
ac_cv_env_build_alias_value=
ac_cv_env_host_alias_set=
ac_cv_env_host_alias_value=
ac_cv_env_target_alias_set=
ac_cv_env_target_alias_value=
ac_cv_header_stdc=yes
ac_cv_objext=o
ac_cv_path_EGREP='/usr/bin/grep -E'
ac_cv_path_GDAL_CONFIG=/home/mlattes/local/bin/gdal-config
ac_cv_path_GREP=/usr/bin/grep
ac_cv_path_install='/usr/bin/install -c'
ac_cv_path_mkdir=/usr/bin/mkdir
ac_cv_prog_AWK=gawk
ac_cv_prog_CPP='gcc -E'
ac_cv_prog_ac_ct_CC=gcc
ac_cv_prog_ac_ct_CXX=g++
ac_cv_prog_cc_c89=
ac_cv_prog_cc_g=yes
ac_cv_prog_cxx_g=yes
ac_cv_prog_make_make_set=yes
am_cv_CC_dependencies_compiler_type=gcc3
am_cv_CXX_dependencies_compiler_type=gcc3
am_cv_make_support_nested_variables=yes
ax_cv_cxx_compile_cxx11__std_cpp11=yes

## ----------------- ##
## Output variables. ##
## ----------------- ##

ACLOCAL='${SHELL} /0/TOOLS/gdal_rename/build-aux/missing aclocal-1.13'
AMDEPBACKSLASH='\'
AMDEP_FALSE='#'
AMDEP_TRUE=''
AMTAR='$${TAR-tar}'
AM_BACKSLASH='\'
AM_DEFAULT_V='$(AM_DEFAULT_VERBOSITY)'
AM_DEFAULT_VERBOSITY='1'
AM_V='$(V)'
AUTOCONF='${SHELL} /0/TOOLS/gdal_rename/build-aux/missing autoconf'
AUTOHEADER='${SHELL} /0/TOOLS/gdal_rename/build-aux/missing autoheader'
AUTOMAKE='${SHELL} /0/TOOLS/gdal_rename/build-aux/missing automake-1.13'
AWK='gawk'
CC='gcc'
CCDEPMODE='depmode=gcc3'
CFLAGS='-g -O2'
CPP='gcc -E'
CPPFLAGS=''
CXX='g++ -std=c++11'
CXXDEPMODE='depmode=gcc3'
CXXFLAGS='-g -O2'
CYGPATH_W='echo'
DEFS='-DPACKAGE_NAME=\"gdal_rename\" -DPACKAGE_TARNAME=\"gdal_rename\" -DPACKAGE_VERSION=\"0.0.8\" -DPACKAGE_STRING=\"gdal_rename\ 0.0.8\" -DPACKAGE_BUGREPORT=\"mathieu.lattes@yahoo.fr\" -DPACKAGE_URL=\"\" -DSTDC_HEADERS=1 -DHAVE_CXX11=1 -DHAVE_GDAL=1 -DHAVE_GDAL_OGR=1 -DPACKAGE=\"gdal_rename\" -DVERSION=\"0.0.8\"'
DEPDIR='.deps'
ECHO_C=''
ECHO_N='-n'
ECHO_T=''
EGREP='/usr/bin/grep -E'
EXEEXT=''
GDAL_CFLAGS='-I/home/mlattes/local/include'
GDAL_CONFIG='/home/mlattes/local/bin/gdal-config'
GDAL_DEP_LDFLAGS='-lcrypto -L/home/mlattes/local/lib -lgeos_c -L/home/mlattes/local/lib -lsqlite3 -L/home/mlattes/local/lib -lkmldom -lkmlbase -lkmlengine -lkmlconvenience -lminizip -luriparser -lexpat -L/home/mlattes/local/lib -lxerces-c -lpthread -lpthread -lm -lrt -ldl -lpcre -L/home/mlattes/local/lib -lcurl -lxml2 -lz -lm -ldl'
GDAL_LDFLAGS='-L/home/mlattes/local/lib -lgdal'
GDAL_OGR_ENABLED='yes'
GDAL_VERSION='2.3.0'
GREP='/usr/bin/grep'
HAVE_CXX11='1'
INSTALL_DATA='${INSTALL} -m 644'
INSTALL_PROGRAM='${INSTALL}'
INSTALL_SCRIPT='${INSTALL}'
INSTALL_STRIP_PROGRAM='$(install_sh) -c -s'
LDFLAGS=''
LIBOBJS=''
LIBS=''
LTLIBOBJS=''
MAKEINFO='${SHELL} /0/TOOLS/gdal_rename/build-aux/missing makeinfo'
MKDIR_P='/usr/bin/mkdir -p'
OBJEXT='o'
PACKAGE='gdal_rename'
PACKAGE_BUGREPORT='mathieu.lattes@yahoo.fr'
PACKAGE_NAME='gdal_rename'
PACKAGE_STRING='gdal_rename 0.0.8'
PACKAGE_TARNAME='gdal_rename'
PACKAGE_URL=''
PACKAGE_VERSION='0.0.8'
PATH_SEPARATOR=':'
SET_MAKE=''
SHELL='/bin/sh'
STRIP=''
VERSION='0.0.8'
ac_ct_CC='gcc'
ac_ct_CXX='g++'
am__EXEEXT_FALSE=''
am__EXEEXT_TRUE='#'
am__fastdepCC_FALSE='#'
am__fastdepCC_TRUE=''
am__fastdepCXX_FALSE='#'
am__fastdepCXX_TRUE=''
am__include='include'
am__isrc=''
am__leading_dot='.'
am__nodep='_no'
am__quote=''
am__tar='$${TAR-tar} chof - "$$tardir"'
am__untar='$${TAR-tar} xf -'
bindir='${exec_prefix}/bin'
build_alias=''
datadir='${datarootdir}'
datarootdir='${prefix}/share'
docdir='${datarootdir}/doc/${PACKAGE_TARNAME}'
dvidir='${docdir}'
exec_prefix='${prefix}'
host_alias=''
htmldir='${docdir}'
includedir='${prefix}/include'
infodir='${datarootdir}/info'
install_sh='${SHELL} /0/TOOLS/gdal_rename/build-aux/install-sh'
libdir='${exec_prefix}/lib'
libexecdir='${exec_prefix}/libexec'
localedir='${datarootdir}/locale'
localstatedir='${prefix}/var'
mandir='${datarootdir}/man'
mkdir_p='$(MKDIR_P)'
oldincludedir='/usr/include'
pdfdir='${docdir}'
prefix='/home/mlattes/local'
program_transform_name='s,x,x,'
psdir='${docdir}'
sbindir='${exec_prefix}/sbin'
sharedstatedir='${prefix}/com'
sysconfdir='${prefix}/etc'
target_alias=''

## ----------- ##
## confdefs.h. ##
## ----------- ##

/* confdefs.h */
#define PACKAGE_NAME "gdal_rename"
#define PACKAGE_TARNAME "gdal_rename"
#define PACKAGE_VERSION "0.0.8"
#define PACKAGE_STRING "gdal_rename 0.0.8"
#define PACKAGE_BUGREPORT "mathieu.lattes@yahoo.fr"
#define PACKAGE_URL ""
#define STDC_HEADERS 1
#define HAVE_CXX11 1
#define HAVE_GDAL 1
#define HAVE_GDAL_OGR 1
#define PACKAGE "gdal_rename"
#define VERSION "0.0.8"

configure: exit 0
